<?xml version="1.0" encoding="UTF-8"?>
<testsuite xmlns:xsi="http://www.w3.org/2001/XMLSchema-instance" xsi:noNamespaceSchemaLocation="https://maven.apache.org/surefire/maven-surefire-plugin/xsd/surefire-test-report-3.0.xsd" version="3.0" name="TER.Backend.BackendApplicationTests" time="22.223" tests="1" errors="0" skipped="0" failures="0">
  <properties>
[...]
</properties>
  <testcase name="contextLoads" classname="TER.Backend.BackendApplicationTests" time="2.35">
    <system-out><![CDATA[03:48:17.169 [main] INFO org.springframework.test.context.support.AnnotationConfigContextLoaderUtils -- Could not detect default configuration classes for test class [TER.Backend.BackendApplicationTests]: BackendApplicationTests does not declare any static, non-private, non-final, nested classes annotated with @Configuration.
03:48:17.990 [main] INFO org.springframework.boot.test.context.SpringBootTestContextBootstrapper -- Found @SpringBootConfiguration TER.Backend.BackendApplication for test class TER.Backend.BackendApplicationTests
03:48:20.037 [main] INFO org.springframework.boot.devtools.restart.RestartApplicationListener -- Restart disabled due to context in which it is running

  .   ____          _            __ _ _
 /\\ / ___'_ __ _ _(_)_ __  __ _ \ \ \ \
( ( )\___ | '_ | '_| | '_ \/ _` | \ \ \ \
 \\/  ___)| |_)| | | | | || (_| |  ) ) ) )
  '  |____| .__|_| |_|_| |_\__, | / / / /
 =========|_|==============|___/=/_/_/_/
 :: Spring Boot ::                (v3.2.2)

2024-03-28T03:48:22.096Z  INFO 6852 --- [           main] TER.Backend.BackendApplicationTests      : Starting BackendApplicationTests using Java 17.0.10 with PID 6852 (started by Easy Services Pro in C:\Users\Easy Services Pro\Desktop\TER 2024\2024_TER_patrimoine\Backend)
2024-03-28T03:48:22.100Z  INFO 6852 --- [           main] TER.Backend.BackendApplicationTests      : No active profile set, falling back to 1 default profile: "default"
2024-03-28T03:48:23.580Z  INFO 6852 --- [           main] .s.d.r.c.RepositoryConfigurationDelegate : Bootstrapping Spring Data JPA repositories in DEFAULT mode.
2024-03-28T03:48:23.699Z  INFO 6852 --- [           main] .s.d.r.c.RepositoryConfigurationDelegate : Finished Spring Data repository scanning in 105 ms. Found 3 JPA repository interfaces.
2024-03-28T03:48:24.896Z  INFO 6852 --- [           main] o.hibernate.jpa.internal.util.LogHelper  : HHH000204: Processing PersistenceUnitInfo [name: default]
2024-03-28T03:48:25.119Z  INFO 6852 --- [           main] org.hibernate.Version                    : HHH000412: Hibernate ORM core version 6.4.1.Final
2024-03-28T03:48:25.353Z  INFO 6852 --- [           main] o.h.c.internal.RegionFactoryInitiator    : HHH000026: Second-level cache disabled
2024-03-28T03:48:26.048Z  INFO 6852 --- [           main] o.s.o.j.p.SpringPersistenceUnitInfo      : No LoadTimeWeaver setup: ignoring JPA class transformer
2024-03-28T03:48:26.095Z  INFO 6852 --- [           main] com.zaxxer.hikari.HikariDataSource       : HikariPool-1 - Starting...
2024-03-28T03:48:26.469Z  INFO 6852 --- [           main] com.zaxxer.hikari.pool.HikariPool        : HikariPool-1 - Added connection com.mysql.cj.jdbc.ConnectionImpl@27dbaa33
2024-03-28T03:48:26.473Z  INFO 6852 --- [           main] com.zaxxer.hikari.HikariDataSource       : HikariPool-1 - Start completed.
2024-03-28T03:48:26.543Z  WARN 6852 --- [           main] org.hibernate.dialect.Dialect            : HHH000511: The 5.5.0 version for [org.hibernate.dialect.MySQLDialect] is no longer supported, hence certain features may not work properly. The minimum supported version is 8.0.0. Check the community dialects project for available legacy versions.
2024-03-28T03:48:26.551Z  WARN 6852 --- [           main] org.hibernate.orm.deprecation            : HHH90000025: MySQLDialect does not need to be specified explicitly using 'hibernate.dialect' (remove the property setting and it will be selected by default)
2024-03-28T03:48:29.519Z  INFO 6852 --- [           main] o.h.e.t.j.p.i.JtaPlatformInitiator       : HHH000489: No JTA platform available (set 'hibernate.transaction.jta.platform' to enable JTA platform integration)
2024-03-28T03:48:30.191Z  INFO 6852 --- [           main] j.LocalContainerEntityManagerFactoryBean : Initialized JPA EntityManagerFactory for persistence unit 'default'
2024-03-28T03:48:31.050Z  INFO 6852 --- [           main] o.s.d.j.r.query.QueryEnhancerFactory     : Hibernate is in classpath; If applicable, HQL parser will be used.
2024-03-28T03:48:32.837Z  WARN 6852 --- [           main] JpaBaseConfiguration$JpaWebConfiguration : spring.jpa.open-in-view is enabled by default. Therefore, database queries may be performed during view rendering. Explicitly configure spring.jpa.open-in-view to disable this warning
2024-03-28T03:48:33.435Z  WARN 6852 --- [           main] ion$DefaultTemplateResolverConfiguration : Cannot find template location: classpath:/templates/ (please add some templates, check your Thymeleaf configuration, or set spring.thymeleaf.check-template-location=false)
2024-03-28T03:48:33.638Z  WARN 6852 --- [           main] .s.s.UserDetailsServiceAutoConfiguration : 

Using generated security password: 64ac9c9d-7ba4-4896-b7ca-d67ff19f6582

This generated password is for development use only. Your security configuration must be updated before running your application in production.

2024-03-28T03:48:33.904Z  INFO 6852 --- [           main] o.s.s.web.DefaultSecurityFilterChain     : Will secure any request with [org.springframework.security.web.session.DisableEncodeUrlFilter@8b814b, org.springframework.security.web.context.request.async.WebAsyncManagerIntegrationFilter@397f3ff5, org.springframework.security.web.context.SecurityContextHolderFilter@25727f74, org.springframework.security.web.header.HeaderWriterFilter@6e245068, org.springframework.web.filter.CorsFilter@6f3d33bc, org.springframework.security.web.csrf.CsrfFilter@53bf791, org.springframework.security.web.authentication.logout.LogoutFilter@7a337217, org.springframework.security.web.authentication.UsernamePasswordAuthenticationFilter@303d2485, org.springframework.security.web.authentication.ui.DefaultLoginPageGeneratingFilter@1cd50433, org.springframework.security.web.authentication.ui.DefaultLogoutPageGeneratingFilter@3299cc9f, org.springframework.security.web.authentication.www.BasicAuthenticationFilter@2c2f4769, org.springframework.security.web.savedrequest.RequestCacheAwareFilter@312af870, org.springframework.security.web.servletapi.SecurityContextHolderAwareRequestFilter@27df971b, org.springframework.security.web.authentication.AnonymousAuthenticationFilter@6e44825e, org.springframework.security.web.access.ExceptionTranslationFilter@1080234b, org.springframework.security.web.access.intercept.AuthorizationFilter@1835b24b]
2024-03-28T03:48:34.009Z  INFO 6852 --- [           main] TER.Backend.BackendApplicationTests      : Started BackendApplicationTests in 14.332 seconds (process running for 19.074)
Départements avec leurs coordonnées et leur nombre de bâtiments :
Département : Ain
Nombre de bâtiments : 348
Latitude : 46.2787125973486
Longitude : 5.04136121141411
---------------------------------------------
Département : Aisne
Nombre de bâtiments : 636
Latitude : 50.0
Longitude : 3.0000000000000004
---------------------------------------------
Département : Allier
Nombre de bâtiments : 529
Latitude : 46.3174010986994
Longitude : 3.17531239344879
---------------------------------------------
Département : Alpes-de-Haute-Provence
Nombre de bâtiments : 208
Latitude : 44.1158754989979
Longitude : 6.23103993994321
---------------------------------------------
Département : Alpes-Maritimes
Nombre de bâtiments : 398
Latitude : 43.6763476268705
Longitude : 7.32647702787129
---------------------------------------------
Département : Ardèche
Nombre de bâtiments : 261
Latitude : 44.3399099349397
Longitude : 4.453706774560481
---------------------------------------------
Département : Ardennes
Nombre de bâtiments : 261
Latitude : 49.6046019618338
Longitude : 4.08181754737785
---------------------------------------------
Département : Ariège
Nombre de bâtiments : 232
Latitude : 42.78386484345198
Longitude : 1.6807969670937233
---------------------------------------------
Département : Aube
Nombre de bâtiments : 370
Latitude : 48.2601437612955
Longitude : 4.74337967194508
---------------------------------------------
Département : Aude
Nombre de bâtiments : 492
Latitude : 43.3119027948578
Longitude : 1.96090230354049
---------------------------------------------
Département : Aveyron
Nombre de bâtiments : 380
Latitude : 44.4643049634736
Longitude : 2.63120944057631
---------------------------------------------
Département : Bas-Rhin
Nombre de bâtiments : 839
Latitude : 48.7131464393721
Longitude : 7.41346550470292
---------------------------------------------
Département : Bouches-du-Rhône
Nombre de bâtiments : 649
Latitude : 43.2863314972222
Longitude : 5.38150555017822
---------------------------------------------
Département : Calvados
Nombre de bâtiments : 937
Latitude : 49.325985751964005
Longitude : -0.64687247670859
---------------------------------------------
Département : Cantal
Nombre de bâtiments : 381
Latitude : 44.919683188604
Longitude : 2.28028503810728
---------------------------------------------
Département : Charente
Nombre de bâtiments : 473
Latitude : 45.656227768247
Longitude : 0.258437941785324
---------------------------------------------
Département : Charente-Maritime
Nombre de bâtiments : 853
Latitude : 45.702677549844
Longitude : -0.708301001434266
---------------------------------------------
Département : Cher
Nombre de bâtiments : 405
Latitude : 47.1920099818107
Longitude : 2.83661446254538
---------------------------------------------
Département : Corrèze
Nombre de bâtiments : 373
Latitude : 45.18109660113
Longitude : 1.5887837753593
---------------------------------------------
Département : Corse-du-Sud
Nombre de bâtiments : 130
Latitude : 41.7498439923489
Longitude : 8.67649826726337
---------------------------------------------
Département : Côte-d'Or
Nombre de bâtiments : 849
Latitude : 47.746407045156445
Longitude : 4.688019044728469
---------------------------------------------
Département : Côtes-d'Armor
Nombre de bâtiments : 825
Latitude : 48.6263431417414
Longitude : -3.13911676457206
---------------------------------------------
Département : Creuse
Nombre de bâtiments : 286
Latitude : 45.8662214346742
Longitude : 2.20042572990012
---------------------------------------------
Département : Deux-Sèvres
Nombre de bâtiments : 338
Latitude : 46.6248311982473
Longitude : -0.34881442313335503
---------------------------------------------
Département : Dordogne
Nombre de bâtiments : 772
Latitude : 44.8624980542654
Longitude : 0.799571561823674
---------------------------------------------
Département : Doubs
Nombre de bâtiments : 488
Latitude : 47.2364955017654
Longitude : 6.02508641383276
---------------------------------------------
Département : Drôme
Nombre de bâtiments : 199
Latitude : 44.9250032268199
Longitude : 4.90079314254849
---------------------------------------------
Département : Essonne
Nombre de bâtiments : 281
Latitude : 48.5227992239538
Longitude : 2.26407745865625
---------------------------------------------
Département : Eure
Nombre de bâtiments : 458
Latitude : 49.0233527162885
Longitude : 1.14765762786457
---------------------------------------------
Département : Eure-et-Loir
Nombre de bâtiments : 385
Latitude : 48.0377065943101
Longitude : 1.27261297201906
---------------------------------------------
Département : Finistère
Nombre de bâtiments : 780
Latitude : 48.514768431754305
Longitude : -4.06902176451913
---------------------------------------------
Département : Gard
Nombre de bâtiments : 538
Latitude : 44.3354735773965
Longitude : 4.48660504441275
---------------------------------------------
Département : Gers
Nombre de bâtiments : 321
Latitude : 43.416609549062
Longitude : 0.699525378815311
---------------------------------------------
Département : Gironde
Nombre de bâtiments : 1087
Latitude : 44.7801834948187
Longitude : -0.4624902071287901
---------------------------------------------
Département : Guadeloupe
Nombre de bâtiments : 105
Latitude : 15.9942933890823
Longitude : -61.73068894178161
---------------------------------------------
Département : Guyane
Nombre de bâtiments : 90
Latitude : 5.592296230621463
Longitude : -53.81389038908143
---------------------------------------------
Département : Haut-Rhin
Nombre de bâtiments : 511
Latitude : 47.9756979719556
Longitude : 7.1972390218398905
---------------------------------------------
Département : Haute-Corse
Nombre de bâtiments : 202
Latitude : 42.8449014829563
Longitude : 9.33065040754317
---------------------------------------------
Département : Haute-Garonne
Nombre de bâtiments : 552
Latitude : 43.5944685118185
Longitude : 1.44691152388562
---------------------------------------------
Département : Haute-Loire
Nombre de bâtiments : 477
Latitude : 45.3522929121871
Longitude : 3.21868397156931
---------------------------------------------
Département : Haute-Marne
Nombre de bâtiments : 432
Latitude : 47.6658689805815
Longitude : 5.30860259178827
---------------------------------------------
Département : Haute-Saône
Nombre de bâtiments : 377
Latitude : 47.5175281633925
Longitude : 5.933245579660131
---------------------------------------------
Département : Haute-Savoie
Nombre de bâtiments : 175
Latitude : 45.884783768653
Longitude : 6.17893123495105
---------------------------------------------
Département : Haute-Vienne
Nombre de bâtiments : 355
Latitude : 46.1314729294473
Longitude : 1.27519861363844
---------------------------------------------
Département : Hautes-Alpes
Nombre de bâtiments : 165
Latitude : 44.7657042514042
Longitude : 6.80465390565154
---------------------------------------------
Département : Hautes-Pyrénées
Nombre de bâtiments : 176
Latitude : 43.2350534632298
Longitude : 0.0903930784741471
---------------------------------------------
Département : Hauts-de-Seine
Nombre de bâtiments : 168
Latitude : 48.833683657536
Longitude : 2.18500075431626
---------------------------------------------
Département : Hérault
Nombre de bâtiments : 588
Latitude : 43.7304444879537
Longitude : 3.32119348795309
---------------------------------------------
Département : Ille-et-Vilaine
Nombre de bâtiments : 569
Latitude : 47.9481564769765
Longitude : -1.9910606406346703
---------------------------------------------
Département : Indre
Nombre de bâtiments : 292
Latitude : 46.8124395866582
Longitude : 1.67658951813436
---------------------------------------------
Département : Indre-et-Loire
Nombre de bâtiments : 871
Latitude : 47.384430733740764
Longitude : 0.6933131933710793
---------------------------------------------
Département : Isère
Nombre de bâtiments : 262
Latitude : 45.1929382268011
Longitude : 5.73179059333927
---------------------------------------------
Département : Jura
Nombre de bâtiments : 469
Latitude : 46.7458020206495
Longitude : 5.90874586922801
---------------------------------------------
Département : La Réunion
Nombre de bâtiments : 191
Latitude : -20.8840412295627
Longitude : 55.447630594029
---------------------------------------------
Département : Landes
Nombre de bâtiments : 223
Latitude : 43.5470388986628
Longitude : -1.10820307405687
---------------------------------------------
Département : Loir-et-Cher
Nombre de bâtiments : 416
Latitude : 47.8180704789107
Longitude : 1.09657275242984
---------------------------------------------
Département : Loire
Nombre de bâtiments : 287
Latitude : 45.377862759539376
Longitude : 4.281272471893454
---------------------------------------------
Département : Loire-Atlantique
Nombre de bâtiments : 231
Latitude : 47.36397804875071
Longitude : -1.24100744843777
---------------------------------------------
Département : Loiret
Nombre de bâtiments : 436
Latitude : 47.8859746191671
Longitude : 1.9048892896271703
---------------------------------------------
Département : Lot
Nombre de bâtiments : 437
Latitude : 44.4796000380199
Longitude : 1.57605587345641
---------------------------------------------
Département : Lot-et-Garonne
Nombre de bâtiments : 400
Latitude : 44.29242593995421
Longitude : 0.6135581117842969
---------------------------------------------
Département : Lozère
Nombre de bâtiments : 194
Latitude : 44.4864580101885
Longitude : 3.73367794739093
---------------------------------------------
Département : Maine-et-Loire
Nombre de bâtiments : 622
Latitude : 47.4710319966538
Longitude : -0.557265228381129
---------------------------------------------
Département : Manche
Nombre de bâtiments : 397
Latitude : 49.43899466505161
Longitude : -1.35625363857773
---------------------------------------------
Département : Marne
Nombre de bâtiments : 404
Latitude : 49.07766690916961
Longitude : 4.17136643185402
---------------------------------------------
Département : Martinique
Nombre de bâtiments : 123
Latitude : 14.611317907295458
Longitude : -61.075541217111194
---------------------------------------------
Département : Mayenne
Nombre de bâtiments : 218
Latitude : 48.2224316225566
Longitude : -0.569764496888847
---------------------------------------------
Département : Mayotte
Nombre de bâtiments : 10
Latitude : -12.781581715428205
Longitude : 45.233933549707025
---------------------------------------------
Département : Meurthe-et-Moselle
Nombre de bâtiments : 527
Latitude : 48.6910573947376
Longitude : 6.18213715821095
---------------------------------------------
Département : Meuse
Nombre de bâtiments : 328
Latitude : 48.9653228465917
Longitude : 5.6677552796075
---------------------------------------------
Département : Morbihan
Nombre de bâtiments : 923
Latitude : 47.6145119889431
Longitude : -3.00495820507017
---------------------------------------------
Département : Moselle
Nombre de bâtiments : 347
Latitude : 49.1364274280174
Longitude : 6.40175383576405
---------------------------------------------
Département : Nièvre
Nombre de bâtiments : 339
Latitude : 46.8977282839939
Longitude : 3.84729224026114
---------------------------------------------
Département : Nord
Nombre de bâtiments : 784
Latitude : 50.3411462280678
Longitude : 3.1707015862502903
---------------------------------------------
Département : Oise
Nombre de bâtiments : 626
Latitude : 49.585595489491304
Longitude : 2.0085963221036467
---------------------------------------------
Département : Orne
Nombre de bâtiments : 341
Latitude : 48.4281245106786
Longitude : 0.770609051718916
---------------------------------------------
Département : Paris
Nombre de bâtiments : 1871
Latitude : 48.8324871939563
Longitude : 2.35189232748589
---------------------------------------------
Département : Pas-de-Calais
Nombre de bâtiments : 673
Latitude : 50.3662129902781
Longitude : 2.535523823861771
---------------------------------------------
Département : Puy-de-Dôme
Nombre de bâtiments : 843
Latitude : 45.7781959236297
Longitude : 3.08460617139982
---------------------------------------------
Département : Pyrénées-Atlantiques
Nombre de bâtiments : 407
Latitude : 43.4606138719409
Longitude : -1.5595351899023
---------------------------------------------
Département : Pyrénées-Orientales
Nombre de bâtiments : 319
Latitude : 42.371788511644695
Longitude : 2.5518824142878036
---------------------------------------------
Département : Rhône
Nombre de bâtiments : 417
Latitude : 46.1138523471415
Longitude : 4.62061981470126
---------------------------------------------
Département : Saint-Pierre-et-Miquelon
Nombre de bâtiments : 13
Latitude : 46.78549190952049
Longitude : -56.15111949188838
---------------------------------------------
Département : Saône-et-Loire
Nombre de bâtiments : 610
Latitude : 46.2033093947836
Longitude : 4.244761382638791
---------------------------------------------
Département : Sarthe
Nombre de bâtiments : 354
Latitude : 47.7295581698016
Longitude : -0.219744161350754
---------------------------------------------
Département : Savoie
Nombre de bâtiments : 187
Latitude : 45.2892734459444
Longitude : 6.91251903281148
---------------------------------------------
Département : Seine-et-Marne
Nombre de bâtiments : 612
Latitude : 48.565865100986
Longitude : 2.55045716185559
---------------------------------------------
Département : Seine-Maritime
Nombre de bâtiments : 636
Latitude : 49.6286370653708
Longitude : 0.751320660260212
---------------------------------------------
Département : Seine-Saint-Denis
Nombre de bâtiments : 78
Latitude : 48.9256908269987
Longitude : 2.3552895727029
---------------------------------------------
Département : Somme
Nombre de bâtiments : 397
Latitude : 50.0192913915445
Longitude : 2.07863418457273
---------------------------------------------
Département : Tarn
Nombre de bâtiments : 287
Latitude : 43.6196232985613
Longitude : 2.08736961958423
---------------------------------------------
Département : Tarn-et-Garonne
Nombre de bâtiments : 274
Latitude : 44.058448300627006
Longitude : 0.9285774716457339
---------------------------------------------
Département : Territoire de Belfort
Nombre de bâtiments : 56
Latitude : 47.6052199317678
Longitude : 7.008871826736721
---------------------------------------------
Département : Val-d'Oise
Nombre de bâtiments : 301
Latitude : 48.940877870583705
Longitude : 2.24852256884527
---------------------------------------------
Département : Val-de-Marne
Nombre de bâtiments : 120
Latitude : 48.8480406128536
Longitude : 2.41917959566618
---------------------------------------------
Département : Var
Nombre de bâtiments : 327
Latitude : 43.4251532504265
Longitude : 6.72715501526028
---------------------------------------------
Département : Vaucluse
Nombre de bâtiments : 498
Latitude : 43.9486040472789
Longitude : 4.80468153405609
---------------------------------------------
Département : Vendée
Nombre de bâtiments : 335
Latitude : 46.4388020198164
Longitude : -1.37709926518698
---------------------------------------------
Département : Vienne
Nombre de bâtiments : 565
Latitude : 46.2175801034924
Longitude : 0.336807738539274
---------------------------------------------
Département : Vosges
Nombre de bâtiments : 301
Latitude : 48.0173173785294
Longitude : 6.58970214774541
---------------------------------------------
Département : Yonne
Nombre de bâtiments : 508
Latitude : 47.6978525399023
Longitude : 2.95099227961721
---------------------------------------------
Département : Yvelines
Nombre de bâtiments : 496
Latitude : 48.8412713949232
Longitude : 1.8359842807334903
---------------------------------------------
102
]]></system-out>
  </testcase>
</testsuite>